MACRO ASSEMBLER TRANANHTU                                   12/15/19 15:14:06 PAGE     1


WIN32 MACRO ASSEMBLER MA51 V06.04.08OBJECT MODULE PLACED IN C:\USERS\T2TEA\DOCUMENTS\RIDE\8051\TRANANHTU.OBJ
ASSEMBLER INVOKED BY: MA51.EXE C:\USERS\T2TEA\DOCUMENTS\RIDE\8051\TRANANHTU.A51 OJ("C:\USERS\T2TEA\DOCUMENTS\RIDE\8051\TRANANHTU.OBJ") PIN("C:\RIDE\INC") EP LINES SYNTAX(ASM51) PR("C:\USERS\T2TEA\DOCUMENTS\RIDE\8051\TRANANHTU.LST") XR DB PW(80) RB(0) 

LOC     OBJ           LINE    SOURCE
                         1       $INCLUDE(REG51.INC)
  0000                  80     ORG 0000H
                        81     MAIN: 
0000    75B0FF          82     MOV P3,#0FFH
0003    75A0FF          83     MOV P2,#0FFH
0006    74FF            84     MOV A,#0FFH
                        85     
                        86     CONTROL1: 
0008    C3              87     	CLR C
0009    13              88     	RRC A
000A    F5B0            89     	MOV P3,A
000C    F5A0            90     	MOV P2,A
000E    1143            91     	ACALL LAP
0010    20E0F5          92     	JB ACC.0,CONTROL1
                        93     
                        94     CONTROL2: 
0013    D3              95     	SETB C
0014    33              96     	RLC A
0015    F5B0            97     	MOV P3,A
0017    F5A0            98     	MOV P2,A
0019    1143            99     	ACALL LAP
001B    30E7F5         100     	JNB ACC.7,CONTROL2	
                       101     	
001E    74FE           102     MOV A,#0FEH
0020    75B0FE         103     MOV P3,#0FEH
                       104     CONTROL3: 
0023    23             105     	RL A
0024    F5B0           106     	MOV P3,A
0026    1143           107     	ACALL LAP
0028    20E7F8         108     	JB ACC.7,CONTROL3
002B    1143           109     ACALL LAP
002D    75B0FF         110     MOV P3,#0FFH
0030    1143           111     ACALL LAP
0032    747F           112     MOV A,#7FH
0034    75A07F         113     MOV P2,#7FH
                       114     CONTROL4: 
0037    03             115     	RR A
0038    F5A0           116     	MOV P2,A
003A    1143           117     	ACALL LAP
003C    20E0F8         118     	JB ACC.0,CONTROL4
003F    1143           119     ACALL LAP
0041    80BD           120     JMP MAIN
0043    7A0A           121     LAP: MOV R2,#10
0045    7914           122     W3: MOV R1,#20
0047    78DC           123     W2: MOV R0,#220
0049    D8FE           124     W1: DJNZ R0,W1
004B    D9FA           125     	DJNZ R1,W2
004D    DAF6           126     	DJNZ R2,W3
004F    22             127     	RET
                       128     END
MACRO ASSEMBLER TRANANHTU                                   12/15/19 15:14:06 PAGE     0


SYMBOL TABLE LISTING
------ ----- -------


N A M E             T Y P E  V A L U E   ATTRIBUTES             REFERENCES

DPL. . . . . . . .  D ADDR   0082H   A                          16# 
P0 . . . . . . . .  D ADDR   0080H   A                          8# 
P1 . . . . . . . .  D ADDR   0090H   A                          9# 
B. . . . . . . . .  D ADDR   00F0H   A                          14# 
P2 . . . . . . . .  D ADDR   00A0H   A                          10# 83 90 98 113 
                                                                116 
PS . . . . . . . .  B ADDR   00B8H.4 A                          57# 
SP . . . . . . . .  D ADDR   0081H   A                          15# 
P3 . . . . . . . .  D ADDR   00B0H   A                          11# 82 89 97 103 
                                                                106 110 
T0 . . . . . . . .  B ADDR   00B0H.4 A                          66# 
AC . . . . . . . .  B ADDR   00D0H.6 A                          34# 
MAIN . . . . . . .  C ADDR   0000H   A                          81# 120 
REN. . . . . . . .  B ADDR   0098H.4 A                          75# 
T1 . . . . . . . .  B ADDR   00B0H.5 A                          65# 
OV . . . . . . . .  B ADDR   00D0H.2 A                          38# 
EA . . . . . . . .  B ADDR   00A8H.7 A                          50# 
ACC. . . . . . . .  D ADDR   00E0H   A                          13# 92 100 108 118 
                                                                
W1 . . . . . . . .  C ADDR   0049H   A                          124# 
W2 . . . . . . . .  C ADDR   0047H   A                          123# 125 
WR . . . . . . . .  B ADDR   00B0H.6 A                          64# 
ET0. . . . . . . .  B ADDR   00A8H.1 A                          54# 
W3 . . . . . . . .  C ADDR   0045H   A                          122# 126 
ET1. . . . . . . .  B ADDR   00A8H.3 A                          52# 
TF0. . . . . . . .  B ADDR   0088H.5 A                          43# 
TF1. . . . . . . .  B ADDR   0088H.7 A                          41# 
RB8. . . . . . . .  B ADDR   0098H.2 A                          77# 
TH0. . . . . . . .  D ADDR   008CH   A                          23# 
EX0. . . . . . . .  B ADDR   00A8H.0 A                          55# 
IT0. . . . . . . .  B ADDR   0088H.0 A                          48# 
TH1. . . . . . . .  D ADDR   008DH   A                          24# 
TB8. . . . . . . .  B ADDR   0098H.3 A                          76# 
RXD. . . . . . . .  B ADDR   00B0H.0 A                          70# 
EX1. . . . . . . .  B ADDR   00A8H.2 A                          53# 
IT1. . . . . . . .  B ADDR   0088H.2 A                          46# 
IE . . . . . . . .  D ADDR   00A8H   A                          25# 
SM0. . . . . . . .  B ADDR   0098H.7 A                          72# 
TXD. . . . . . . .  B ADDR   00B0H.1 A                          69# 
P. . . . . . . . .  B ADDR   00D0H.0 A                          39# 
SBUF . . . . . . .  D ADDR   0099H   A                          28# 
TL0. . . . . . . .  D ADDR   008AH   A                          21# 
PCON . . . . . . .  D ADDR   0087H   A                          18# 
SM1. . . . . . . .  B ADDR   0098H.6 A                          73# 
TL1. . . . . . . .  D ADDR   008BH   A                          22# 
CONTROL1 . . . . .  C ADDR   0008H   A                          86# 92 
SM2. . . . . . . .  B ADDR   0098H.5 A                          74# 
CONTROL2 . . . . .  C ADDR   0013H   A                          94# 100 
SCON . . . . . . .  D ADDR   0098H   A                          27# 
CONTROL3 . . . . .  C ADDR   0023H   A                          104# 108 
PT0. . . . . . . .  B ADDR   00B8H.1 A                          60# 
TMOD . . . . . . .  D ADDR   0089H   A                          20# 
TCON . . . . . . .  D ADDR   0088H   A                          19# 
CONTROL4 . . . . .  C ADDR   0037H   A                          114# 118 
PT1. . . . . . . .  B ADDR   00B8H.3 A                          58# 
RS0. . . . . . . .  B ADDR   00D0H.3 A                          37# 
RD . . . . . . . .  B ADDR   00B0H.7 A                          63# 
TR0. . . . . . . .  B ADDR   0088H.4 A                          44# 
RS1. . . . . . . .  B ADDR   00D0H.4 A                          36# 
F0 . . . . . . . .  B ADDR   00D0H.5 A                          35# 
TR1. . . . . . . .  B ADDR   0088H.6 A                          42# 
PX0. . . . . . . .  B ADDR   00B8H.0 A                          61# 
ES . . . . . . . .  B ADDR   00A8H.4 A                          51# 
PX1. . . . . . . .  B ADDR   00B8H.2 A                          59# 
IP . . . . . . . .  D ADDR   00B8H   A                          26# 
PSW. . . . . . . .  D ADDR   00D0H   A                          12# 
RI . . . . . . . .  B ADDR   0098H.0 A                          79# 
INT0 . . . . . . .  B ADDR   00B0H.2 A                          68# 
INT1 . . . . . . .  B ADDR   00B0H.3 A                          67# 
CY . . . . . . . .  B ADDR   00D0H.7 A                          33# 
DPH. . . . . . . .  D ADDR   0083H   A                          17# 
LAP. . . . . . . .  C ADDR   0043H   A                          91 99 107 109 111 
                                                                117 119 121# 
TI . . . . . . . .  B ADDR   0098H.1 A                          78# 
IE0. . . . . . . .  B ADDR   0088H.1 A                          47# 
IE1. . . . . . . .  B ADDR   0088H.3 A                          45# 



MODULE INFORMATION:   STATIC OVERLAYABLE
   CODE SIZE        =     80    ----
   XDATA SIZE       =   ----    ----
   DATA SIZE        =   ----    ----
   IDATA SIZE       =   ----    ----
   BIT SIZE         =   ----    ----
END OF MODULE INFORMATION.


REGISTER BANK(S) USED : 0 

ASSEMBLY COMPLETE.   0 WARNING(S)   0 ERROR(S)
