MACRO ASSEMBLER TINHTOANLOGIC                               12/01/19 08:15:26 PAGE     1


WIN32 MACRO ASSEMBLER MA51 V06.04.08OBJECT MODULE PLACED IN C:\USERS\T2TEA\DOCUMENTS\RIDE\8051\TINHTOANLOGIC\TINHTOANLOGIC.OBJ
ASSEMBLER INVOKED BY: MA51.EXE C:\USERS\T2TEA\DOCUMENTS\RIDE\8051\TINHTOANLOGIC\TINHTOANLOGIC.A51 OJ("C:\USERS\T2TEA\DOCUMENTS\RIDE\8051\TINHTOANLOGIC\TINHTOANLOGIC.OBJ") PIN("C:\RIDE\INC") EP LINES SYNTAX(ASM51) PR("C:\USERS\T2TEA\DOCUMENTS\RIDE\8051\TINHTOANLOGIC\TINHTOANLOGIC.LST") XR DB PW(80) RB(0) 

LOC     OBJ           LINE    SOURCE
                         1     $INCLUDE(REG51.INC)
0000    74C3            80     MOV A,#0C3H
0002    7855            81     MOV R0,#55H
0004    58              82     ANL A,R0
0005    FA              83     MOV R2,A
                        84     END
MACRO ASSEMBLER TINHTOANLOGIC                               12/01/19 08:15:26 PAGE     0


SYMBOL TABLE LISTING
------ ----- -------


N A M E             T Y P E  V A L U E   ATTRIBUTES             REFERENCES

DPL. . . . . . . .  D ADDR   0082H   A                          16# 
P0 . . . . . . . .  D ADDR   0080H   A                          8# 
P1 . . . . . . . .  D ADDR   0090H   A                          9# 
B. . . . . . . . .  D ADDR   00F0H   A                          14# 
P2 . . . . . . . .  D ADDR   00A0H   A                          10# 
PS . . . . . . . .  B ADDR   00B8H.4 A                          57# 
SP . . . . . . . .  D ADDR   0081H   A                          15# 
P3 . . . . . . . .  D ADDR   00B0H   A                          11# 
T0 . . . . . . . .  B ADDR   00B0H.4 A                          66# 
AC . . . . . . . .  B ADDR   00D0H.6 A                          34# 
REN. . . . . . . .  B ADDR   0098H.4 A                          75# 
T1 . . . . . . . .  B ADDR   00B0H.5 A                          65# 
OV . . . . . . . .  B ADDR   00D0H.2 A                          38# 
EA . . . . . . . .  B ADDR   00A8H.7 A                          50# 
ACC. . . . . . . .  D ADDR   00E0H   A                          13# 
WR . . . . . . . .  B ADDR   00B0H.6 A                          64# 
ET0. . . . . . . .  B ADDR   00A8H.1 A                          54# 
ET1. . . . . . . .  B ADDR   00A8H.3 A                          52# 
TF0. . . . . . . .  B ADDR   0088H.5 A                          43# 
TF1. . . . . . . .  B ADDR   0088H.7 A                          41# 
RB8. . . . . . . .  B ADDR   0098H.2 A                          77# 
TH0. . . . . . . .  D ADDR   008CH   A                          23# 
EX0. . . . . . . .  B ADDR   00A8H.0 A                          55# 
IT0. . . . . . . .  B ADDR   0088H.0 A                          48# 
TH1. . . . . . . .  D ADDR   008DH   A                          24# 
TB8. . . . . . . .  B ADDR   0098H.3 A                          76# 
RXD. . . . . . . .  B ADDR   00B0H.0 A                          70# 
EX1. . . . . . . .  B ADDR   00A8H.2 A                          53# 
IT1. . . . . . . .  B ADDR   0088H.2 A                          46# 
IE . . . . . . . .  D ADDR   00A8H   A                          25# 
SM0. . . . . . . .  B ADDR   0098H.7 A                          72# 
TXD. . . . . . . .  B ADDR   00B0H.1 A                          69# 
P. . . . . . . . .  B ADDR   00D0H.0 A                          39# 
SBUF . . . . . . .  D ADDR   0099H   A                          28# 
TL0. . . . . . . .  D ADDR   008AH   A                          21# 
PCON . . . . . . .  D ADDR   0087H   A                          18# 
SM1. . . . . . . .  B ADDR   0098H.6 A                          73# 
TL1. . . . . . . .  D ADDR   008BH   A                          22# 
SM2. . . . . . . .  B ADDR   0098H.5 A                          74# 
SCON . . . . . . .  D ADDR   0098H   A                          27# 
PT0. . . . . . . .  B ADDR   00B8H.1 A                          60# 
TMOD . . . . . . .  D ADDR   0089H   A                          20# 
TCON . . . . . . .  D ADDR   0088H   A                          19# 
PT1. . . . . . . .  B ADDR   00B8H.3 A                          58# 
RS0. . . . . . . .  B ADDR   00D0H.3 A                          37# 
RD . . . . . . . .  B ADDR   00B0H.7 A                          63# 
TR0. . . . . . . .  B ADDR   0088H.4 A                          44# 
RS1. . . . . . . .  B ADDR   00D0H.4 A                          36# 
F0 . . . . . . . .  B ADDR   00D0H.5 A                          35# 
TR1. . . . . . . .  B ADDR   0088H.6 A                          42# 
PX0. . . . . . . .  B ADDR   00B8H.0 A                          61# 
ES . . . . . . . .  B ADDR   00A8H.4 A                          51# 
PX1. . . . . . . .  B ADDR   00B8H.2 A                          59# 
IP . . . . . . . .  D ADDR   00B8H   A                          26# 
PSW. . . . . . . .  D ADDR   00D0H   A                          12# 
RI . . . . . . . .  B ADDR   0098H.0 A                          79# 
INT0 . . . . . . .  B ADDR   00B0H.2 A                          68# 
INT1 . . . . . . .  B ADDR   00B0H.3 A                          67# 
CY . . . . . . . .  B ADDR   00D0H.7 A                          33# 
DPH. . . . . . . .  D ADDR   0083H   A                          17# 
TI . . . . . . . .  B ADDR   0098H.1 A                          78# 
IE0. . . . . . . .  B ADDR   0088H.1 A                          47# 
IE1. . . . . . . .  B ADDR   0088H.3 A                          45# 



MODULE INFORMATION:   STATIC OVERLAYABLE
   CODE SIZE        =      6    ----
   XDATA SIZE       =   ----    ----
   DATA SIZE        =   ----    ----
   IDATA SIZE       =   ----    ----
   BIT SIZE         =   ----    ----
END OF MODULE INFORMATION.


REGISTER BANK(S) USED : 0 

ASSEMBLY COMPLETE.   0 WARNING(S)   0 ERROR(S)
